  GASolver.cpp
C:\Users\super\source\repos\NQueenDemo\NQueenDemo\GASolver.h(11): warning C4244: 'initializing': conversion from 'double' to 'int', possible loss of data
C:\Users\super\source\repos\NQueenDemo\NQueenDemo\GASolver.cpp(22): warning C4244: 'initializing': conversion from 'double' to 'int', possible loss of data
C:\Users\super\source\repos\NQueenDemo\NQueenDemo\GASolver.cpp(37): warning C4018: '<': signed/unsigned mismatch
C:\Users\super\source\repos\NQueenDemo\NQueenDemo\GASolver.cpp(43): warning C4018: '<': signed/unsigned mismatch
C:\Users\super\source\repos\NQueenDemo\NQueenDemo\GASolver.cpp(65): warning C4244: '=': conversion from 'double' to 'int', possible loss of data
C:\Users\super\source\repos\NQueenDemo\NQueenDemo\GASolver.cpp(72): warning C4018: '<': signed/unsigned mismatch
C:\Users\super\source\repos\NQueenDemo\NQueenDemo\GASolver.cpp(100): warning C4018: '<': signed/unsigned mismatch
C:\Users\super\source\repos\NQueenDemo\NQueenDemo\GASolver.cpp(125): warning C4244: 'argument': conversion from 'double' to '__int64', possible loss of data
C:\Users\super\source\repos\NQueenDemo\NQueenDemo\GASolver.cpp(145): warning C4018: '<': signed/unsigned mismatch
C:\Users\super\source\repos\NQueenDemo\NQueenDemo\GASolver.cpp(175): warning C4018: '<': signed/unsigned mismatch
C:\Users\super\source\repos\NQueenDemo\NQueenDemo\GASolver.cpp(193): warning C4244: 'initializing': conversion from '__int64' to 'int', possible loss of data
C:\Users\super\source\repos\NQueenDemo\NQueenDemo\GASolver.cpp(194): warning C4244: 'initializing': conversion from '__int64' to 'int', possible loss of data
C:\Users\super\source\repos\NQueenDemo\NQueenDemo\GASolver.cpp(201): warning C4018: '<': signed/unsigned mismatch
C:\Users\super\source\repos\NQueenDemo\NQueenDemo\GASolver.cpp(210): warning C4018: '<': signed/unsigned mismatch
C:\Users\super\source\repos\NQueenDemo\NQueenDemo\GASolver.cpp(227): warning C4244: 'initializing': conversion from '__int64' to 'int', possible loss of data
C:\Users\super\source\repos\NQueenDemo\NQueenDemo\GASolver.cpp(228): warning C4244: 'initializing': conversion from '__int64' to 'int', possible loss of data
C:\Users\super\source\repos\NQueenDemo\NQueenDemo\GASolver.cpp(259): warning C4018: '<': signed/unsigned mismatch
C:\Users\super\source\repos\NQueenDemo\NQueenDemo\GASolver.cpp(270): warning C4244: 'argument': conversion from 'time_t' to 'unsigned int', possible loss of data
  NQueenDemo.vcxproj -> C:\Users\super\source\repos\NQueenDemo\Debug\NQueenDemo.exe
