c:\users\super\source\repos\nqueendemo\nqueendemo\debug\nqueendemo.pch
c:\users\super\source\repos\nqueendemo\nqueendemo\debug\vc142.pdb
c:\users\super\source\repos\nqueendemo\nqueendemo\debug\vc142.idb
c:\users\super\source\repos\nqueendemo\nqueendemo\debug\pch.obj
c:\users\super\source\repos\nqueendemo\nqueendemo\debug\nqueendemodlg.obj
c:\users\super\source\repos\nqueendemo\nqueendemo\debug\nqueendemo.obj
c:\users\super\source\repos\nqueendemo\nqueendemo\debug\gasolver.obj
c:\users\super\source\repos\nqueendemo\debug\nqueendemo.ilk
c:\users\super\source\repos\nqueendemo\debug\nqueendemo.exe
c:\users\super\source\repos\nqueendemo\debug\nqueendemo.pdb
c:\users\super\source\repos\nqueendemo\nqueendemo\debug\nqueendemo.res
c:\users\super\source\repos\nqueendemo\nqueendemo\debug\nqueendemo.tlog\cl.command.1.tlog
c:\users\super\source\repos\nqueendemo\nqueendemo\debug\nqueendemo.tlog\cl.read.1.tlog
c:\users\super\source\repos\nqueendemo\nqueendemo\debug\nqueendemo.tlog\cl.write.1.tlog
c:\users\super\source\repos\nqueendemo\nqueendemo\debug\nqueendemo.tlog\link.command.1.tlog
c:\users\super\source\repos\nqueendemo\nqueendemo\debug\nqueendemo.tlog\link.read.1.tlog
c:\users\super\source\repos\nqueendemo\nqueendemo\debug\nqueendemo.tlog\link.write.1.tlog
c:\users\super\source\repos\nqueendemo\nqueendemo\debug\nqueendemo.tlog\rc.command.1.tlog
c:\users\super\source\repos\nqueendemo\nqueendemo\debug\nqueendemo.tlog\rc.read.1.tlog
c:\users\super\source\repos\nqueendemo\nqueendemo\debug\nqueendemo.tlog\rc.write.1.tlog
